  Moc'ing bufferpopup.h...
  Moc'ing controltab.h...
  Moc'ing cubuffertab.h...
  Moc'ing cugeneraltab.h...
  Moc'ing cusettings.h...
  Moc'ing glbuffertab.h...
  Moc'ing glgeneraltab.h...
  Moc'ing glsettings.h...
  Moc'ing glwidget.h...
  Moc'ing mainwindow.h...
  Moc'ing objectpopup.h...
  Moc'ing objecttab.h...
  Moc'ing outputsettings.h...
  Moc'ing paramtab.h...
  Moc'ing texturepopup.h...
  Moc'ing texturetab.h...
  moc_bufferpopup.cpp
  moc_controltab.cpp
  moc_cubuffertab.cpp
  moc_cugeneraltab.cpp
  moc_cusettings.cpp
  moc_glbuffertab.cpp
  moc_glgeneraltab.cpp
  moc_glsettings.cpp
  moc_glwidget.cpp
  moc_mainwindow.cpp
  moc_objectpopup.cpp
  moc_objecttab.cpp
  moc_outputsettings.cpp
  moc_paramtab.cpp
  moc_texturepopup.cpp
  moc_texturetab.cpp
  glwidget.cpp
glwidget.cpp(174): warning C4100: 'i' : unreferenced formal parameter
glwidget.cpp(194): warning C4100: 'b' : unreferenced formal parameter
glwidget.cpp(198): warning C4100: 'b' : unreferenced formal parameter
glwidget.cpp(376): warning C4305: 'argument' : truncation from 'double' to 'float'
glwidget.cpp(370): warning C4189: 'retinaScale' : local variable is initialized but not referenced
  Generating Code...
  CUGL.vcxproj -> D:\GitHub\CUGL\debug\CUGL.exe
